0 info it worked if it ends with ok
1 verbose cli [ '/usr/bin/nodejs', '/usr/bin/npm', 'install', 'Pool.js' ]
2 info using npm@1.3.10
3 info using node@v0.10.25
4 warn package.json acs-server@0.0.1 No description
5 warn package.json acs-server@0.0.1 No repository field.
6 warn package.json acs-server@0.0.1 No README data
7 verbose readDependencies using package.json deps
8 verbose cache add [ 'Pool.js', null ]
9 verbose cache add name=undefined spec="Pool.js" args=["Pool.js",null]
10 verbose parsed url { protocol: null,
10 verbose parsed url   slashes: null,
10 verbose parsed url   auth: null,
10 verbose parsed url   host: null,
10 verbose parsed url   port: null,
10 verbose parsed url   hostname: null,
10 verbose parsed url   hash: null,
10 verbose parsed url   search: null,
10 verbose parsed url   query: null,
10 verbose parsed url   pathname: 'Pool.js',
10 verbose parsed url   path: 'Pool.js',
10 verbose parsed url   href: 'Pool.js' }
11 silly lockFile 5bf5a4d0-Pool-js Pool.js
12 verbose lock Pool.js /home/ubuntu/.npm/5bf5a4d0-Pool-js.lock
13 silly lockFile 5bf5a4d0-Pool-js Pool.js
14 silly lockFile 5bf5a4d0-Pool-js Pool.js
15 verbose addNamed [ 'Pool.js', '' ]
16 verbose addNamed [ null, '*' ]
17 silly lockFile 09a810d8-Pool-js Pool.js@
18 verbose lock Pool.js@ /home/ubuntu/.npm/09a810d8-Pool-js.lock
19 silly addNameRange { name: 'Pool.js', range: '*', hasData: false }
20 verbose url raw Pool.js
21 verbose url resolving [ 'https://registry.npmjs.org/', './Pool.js' ]
22 verbose url resolved https://registry.npmjs.org/Pool.js
23 info trying registry request attempt 1 at 22:07:39
24 http GET https://registry.npmjs.org/Pool.js
25 http 404 https://registry.npmjs.org/Pool.js
26 silly registry.get cb [ 404,
26 silly registry.get   { date: 'Tue, 31 Mar 2015 22:07:35 GMT',
26 silly registry.get     server: 'CouchDB/1.5.0 (Erlang OTP/R16B03)',
26 silly registry.get     'content-type': 'application/json',
26 silly registry.get     'cache-control': 'max-age=0',
26 silly registry.get     'content-length': '51',
26 silly registry.get     'accept-ranges': 'bytes',
26 silly registry.get     via: '1.1 varnish',
26 silly registry.get     age: '0',
26 silly registry.get     'x-served-by': 'cache-sjc3128-SJC',
26 silly registry.get     'x-cache': 'MISS',
26 silly registry.get     'x-cache-hits': '0',
26 silly registry.get     'x-timer': 'S1427839655.368546,VS0,VE88',
26 silly registry.get     'keep-alive': 'timeout=10, max=50',
26 silly registry.get     connection: 'Keep-Alive' } ]
27 silly lockFile 09a810d8-Pool-js Pool.js@
28 silly lockFile 09a810d8-Pool-js Pool.js@
29 error 404 'Pool.js' is not in the npm registry.
29 error 404 You should bug the author to publish it
29 error 404
29 error 404 Maybe try 'npm search  ool'
29 error 404
29 error 404 Note that you can also install from a
29 error 404 tarball, folder, or http url, or git url.
30 error System Linux 3.13.0-44-generic
31 error command "/usr/bin/nodejs" "/usr/bin/npm" "install" "Pool.js"
32 error cwd /home/ubuntu/AccSensor/Accident_sensor/acs_server
33 error node -v v0.10.25
34 error npm -v 1.3.10
35 error code E404
36 verbose exit [ 1, true ]
